<?xml version="1.0" encoding="UTF-8"?>
<testsuite name="TrackingSimulatorTests" tests="2" skipped="0" failures="0" errors="0" timestamp="2024-07-12T19:32:51" hostname="FINCHCOMP" time="0.002">
  <properties/>
  <testcase name="test findShipment" classname="TrackingSimulatorTests" time="0.001"/>
  <testcase name="test addShipment adds" classname="TrackingSimulatorTests" time="0.001"/>
  <system-out><![CDATA[]]></system-out>
  <system-err><![CDATA[]]></system-err>
</testsuite>
