<?xml version="1.0" encoding="UTF-8"?>
<testsuite name="TrackingSimulatorTests" tests="1" skipped="0" failures="0" errors="0" timestamp="2024-07-12T16:51:25" hostname="FINCHCOMP" time="0.036">
  <properties/>
  <testcase name="test findShipment" classname="TrackingSimulatorTests" time="0.036"/>
  <system-out><![CDATA[]]></system-out>
  <system-err><![CDATA[]]></system-err>
</testsuite>
