<?xml version="1.0" encoding="UTF-8"?>
<testsuite name="CanceledUpdateStrategyTest" tests="1" skipped="0" failures="0" errors="0" timestamp="2024-07-11T16:52:52" hostname="FINCHCOMP" time="0.018">
  <properties/>
  <testcase name="test CanceledUpdateStrategy handles update correctly" classname="CanceledUpdateStrategyTest" time="0.018"/>
  <system-out><![CDATA[]]></system-out>
  <system-err><![CDATA[]]></system-err>
</testsuite>
