<?xml version="1.0" encoding="UTF-8"?>
<testsuite name="UpdateStrategyTest" tests="8" skipped="0" failures="0" errors="0" timestamp="2024-07-11T18:04:48" hostname="FINCHCOMP" time="0.164">
  <properties/>
  <testcase name="test ShippedUpdateStrategy handles update correctly" classname="UpdateStrategyTest" time="0.116"/>
  <testcase name="test CreatedUpdateStrategy handles update correctly" classname="UpdateStrategyTest" time="0.005"/>
  <testcase name="test NoteAddedUpdateStrategy handles update correctly" classname="UpdateStrategyTest" time="0.006"/>
  <testcase name="test CanceledUpdateStrategy handles update correctly" classname="UpdateStrategyTest" time="0.016"/>
  <testcase name="test DelayedUpdateStrategy handles update correctly" classname="UpdateStrategyTest" time="0.005"/>
  <testcase name="test LostUpdateStrategy handles update correctly" classname="UpdateStrategyTest" time="0.007"/>
  <testcase name="test LocationUpdateStrategy handles update correctly" classname="UpdateStrategyTest" time="0.004"/>
  <testcase name="test DeliveredUpdateStrategy handles update correctly" classname="UpdateStrategyTest" time="0.004"/>
  <system-out><![CDATA[]]></system-out>
  <system-err><![CDATA[]]></system-err>
</testsuite>
